# JRE version: Java(TM) SE Runtime Environment (8.0_101-b13) (build 1.8.0_101-b13)
# Java VM: Java HotSpot(TM) 64-Bit Server VM (25.101-b13 mixed mode windows-amd64 compressed oops)
Heap:
 PSYoungGen      total 188928K, used 22075K [0x00000000d7380000, 0x00000000e3a00000, 0x0000000100000000)
  eden space 174592K, 4% used [0x00000000d7380000,0x00000000d7b12b20,0x00000000e1e00000)
  from space 14336K, 99% used [0x00000000e1e00000,0x00000000e2bfc328,0x00000000e2c00000)
  to   space 10752K, 0% used [0x00000000e2f80000,0x00000000e2f80000,0x00000000e3a00000)
 ParOldGen       total 105472K, used 29505K [0x0000000085a00000, 0x000000008c100000, 0x00000000d7380000)
  object space 105472K, 27% used [0x0000000085a00000,0x00000000876d07a8,0x000000008c100000)
 Metaspace       used 70493K, capacity 71244K, committed 71384K, reserved 1110016K
  class space    used 10068K, capacity 10212K, committed 10240K, reserved 1048576K
GC Heap History (10 events):
Event: 19.403 GC heap before
{Heap before GC invocations=14 (full 2):
 PSYoungGen      total 148480K, used 146729K [0x00000000d7380000, 0x00000000e1580000, 0x0000000100000000)
  eden space 138240K, 100% used [0x00000000d7380000,0x00000000dfa80000,0x00000000dfa80000)
  from space 10240K, 82% used [0x00000000dfa80000,0x00000000e02ca4a8,0x00000000e0480000)
  to   space 10752K, 0% used [0x00000000e0b00000,0x00000000e0b00000,0x00000000e1580000)
 ParOldGen       total 80384K, used 15667K [0x0000000085a00000, 0x000000008a880000, 0x00000000d7380000)
  object space 80384K, 19% used [0x0000000085a00000,0x000000008694cfb0,0x000000008a880000)
 Metaspace       used 57857K, capacity 58268K, committed 58496K, reserved 1099776K
  class space    used 8423K, capacity 8543K, committed 8576K, reserved 1048576K
Event: 19.413 GC heap after
Heap after GC invocations=14 (full 2):
 PSYoungGen      total 151040K, used 10733K [0x00000000d7380000, 0x00000000e3100000, 0x0000000100000000)
  eden space 140288K, 0% used [0x00000000d7380000,0x00000000d7380000,0x00000000dfc80000)
  from space 10752K, 99% used [0x00000000e0b00000,0x00000000e157b690,0x00000000e1580000)
  to   space 14848K, 0% used [0x00000000dfc80000,0x00000000dfc80000,0x00000000e0b00000)
 ParOldGen       total 80384K, used 23243K [0x0000000085a00000, 0x000000008a880000, 0x00000000d7380000)
  object space 80384K, 28% used [0x0000000085a00000,0x00000000870b2e58,0x000000008a880000)
 Metaspace       used 57857K, capacity 58268K, committed 58496K, reserved 1099776K
  class space    used 8423K, capacity 8543K, committed 8576K, reserved 1048576K
}
Event: 19.580 GC heap before
{Heap before GC invocations=15 (full 2):
 PSYoungGen      total 151040K, used 32094K [0x00000000d7380000, 0x00000000e3100000, 0x0000000100000000)
  eden space 140288K, 15% used [0x00000000d7380000,0x00000000d885c398,0x00000000dfc80000)
  from space 10752K, 99% used [0x00000000e0b00000,0x00000000e157b690,0x00000000e1580000)
  to   space 14848K, 0% used [0x00000000dfc80000,0x00000000dfc80000,0x00000000e0b00000)
 ParOldGen       total 80384K, used 23243K [0x0000000085a00000, 0x000000008a880000, 0x00000000d7380000)
  object space 80384K, 28% used [0x0000000085a00000,0x00000000870b2e58,0x000000008a880000)
 Metaspace       used 58491K, capacity 58940K, committed 59096K, reserved 1099776K
  class space    used 8509K, capacity 8639K, committed 8704K, reserved 1048576K
Event: 19.586 GC heap after
Heap after GC invocations=15 (full 2):
 PSYoungGen      total 155136K, used 7874K [0x00000000d7380000, 0x00000000e3d80000, 0x0000000100000000)
  eden space 140288K, 0% used [0x00000000d7380000,0x00000000d7380000,0x00000000dfc80000)
  from space 14848K, 53% used [0x00000000dfc80000,0x00000000e0430be0,0x00000000e0b00000)
  to   space 14336K, 0% used [0x00000000e2f80000,0x00000000e2f80000,0x00000000e3d80000)
 ParOldGen       total 80384K, used 24214K [0x0000000085a00000, 0x000000008a880000, 0x00000000d7380000)
  object space 80384K, 30% used [0x0000000085a00000,0x00000000871a5bb0,0x000000008a880000)
 Metaspace       used 58491K, capacity 58940K, committed 59096K, reserved 1099776K
  class space    used 8509K, capacity 8639K, committed 8704K, reserved 1048576K
}
Event: 19.586 GC heap before
{Heap before GC invocations=16 (full 3):
 PSYoungGen      total 155136K, used 7874K [0x00000000d7380000, 0x00000000e3d80000, 0x0000000100000000)
  eden space 140288K, 0% used [0x00000000d7380000,0x00000000d7380000,0x00000000dfc80000)
  from space 14848K, 53% used [0x00000000dfc80000,0x00000000e0430be0,0x00000000e0b00000)
  to   space 14336K, 0% used [0x00000000e2f80000,0x00000000e2f80000,0x00000000e3d80000)
 ParOldGen       total 80384K, used 24214K [0x0000000085a00000, 0x000000008a880000, 0x00000000d7380000)
  object space 80384K, 30% used [0x0000000085a00000,0x00000000871a5bb0,0x000000008a880000)
 Metaspace       used 58491K, capacity 58940K, committed 59096K, reserved 1099776K
  class space    used 8509K, capacity 8639K, committed 8704K, reserved 1048576K
Event: 19.683 GC heap after
Heap after GC invocations=16 (full 3):
 PSYoungGen      total 155136K, used 0K [0x00000000d7380000, 0x00000000e3d80000, 0x0000000100000000)
  eden space 140288K, 0% used [0x00000000d7380000,0x00000000d7380000,0x00000000dfc80000)
  from space 14848K, 0% used [0x00000000dfc80000,0x00000000dfc80000,0x00000000e0b00000)
  to   space 14336K, 0% used [0x00000000e2f80000,0x00000000e2f80000,0x00000000e3d80000)
 ParOldGen       total 105472K, used 18185K [0x0000000085a00000, 0x000000008c100000, 0x00000000d7380000)
  object space 105472K, 17% used [0x0000000085a00000,0x0000000086bc27a8,0x000000008c100000)
 Metaspace       used 58474K, capacity 58910K, committed 59096K, reserved 1099776K
  class space    used 8506K, capacity 8634K, committed 8704K, reserved 1048576K
}
Event: 23.981 GC heap before
{Heap before GC invocations=17 (full 3):
 PSYoungGen      total 155136K, used 140288K [0x00000000d7380000, 0x00000000e3d80000, 0x0000000100000000)
  eden space 140288K, 100% used [0x00000000d7380000,0x00000000dfc80000,0x00000000dfc80000)
  from space 14848K, 0% used [0x00000000dfc80000,0x00000000dfc80000,0x00000000e0b00000)
  to   space 14336K, 0% used [0x00000000e2f80000,0x00000000e2f80000,0x00000000e3d80000)
 ParOldGen       total 105472K, used 18185K [0x0000000085a00000, 0x000000008c100000, 0x00000000d7380000)
  object space 105472K, 17% used [0x0000000085a00000,0x0000000086bc27a8,0x000000008c100000)
 Metaspace       used 65366K, capacity 65936K, committed 66136K, reserved 1105920K
  class space    used 9391K, capacity 9523K, committed 9600K, reserved 1048576K
Event: 23.987 GC heap after
Heap after GC invocations=17 (full 3):
 PSYoungGen      total 185344K, used 9467K [0x00000000d7380000, 0x00000000e3a00000, 0x0000000100000000)
  eden space 174592K, 0% used [0x00000000d7380000,0x00000000d7380000,0x00000000e1e00000)
  from space 10752K, 88% used [0x00000000e2f80000,0x00000000e38bec68,0x00000000e3a00000)
  to   space 14336K, 0% used [0x00000000e1e00000,0x00000000e1e00000,0x00000000e2c00000)
 ParOldGen       total 105472K, used 18193K [0x0000000085a00000, 0x000000008c100000, 0x00000000d7380000)
  object space 105472K, 17% used [0x0000000085a00000,0x0000000086bc47a8,0x000000008c100000)
 Metaspace       used 65366K, capacity 65936K, committed 66136K, reserved 1105920K
  class space    used 9391K, capacity 9523K, committed 9600K, reserved 1048576K
}
Event: 49.370 GC heap before
{Heap before GC invocations=18 (full 3):
 PSYoungGen      total 185344K, used 184059K [0x00000000d7380000, 0x00000000e3a00000, 0x0000000100000000)
  eden space 174592K, 100% used [0x00000000d7380000,0x00000000e1e00000,0x00000000e1e00000)
  from space 10752K, 88% used [0x00000000e2f80000,0x00000000e38bec68,0x00000000e3a00000)
  to   space 14336K, 0% used [0x00000000e1e00000,0x00000000e1e00000,0x00000000e2c00000)
 ParOldGen       total 105472K, used 18193K [0x0000000085a00000, 0x000000008c100000, 0x00000000d7380000)
  object space 105472K, 17% used [0x0000000085a00000,0x0000000086bc47a8,0x000000008c100000)
 Metaspace       used 70346K, capacity 71110K, committed 71384K, reserved 1110016K
  class space    used 10048K, capacity 10211K, committed 10240K, reserved 1048576K
Event: 49.400 GC heap after
Heap after GC invocations=18 (full 3):
 PSYoungGen      total 188928K, used 14320K [0x00000000d7380000, 0x00000000e3a00000, 0x0000000100000000)
  eden space 174592K, 0% used [0x00000000d7380000,0x00000000d7380000,0x00000000e1e00000)
  from space 14336K, 99% used [0x00000000e1e00000,0x00000000e2bfc328,0x00000000e2c00000)
  to   space 10752K, 0% used [0x00000000e2f80000,0x00000000e2f80000,0x00000000e3a00000)
 ParOldGen       total 105472K, used 29505K [0x0000000085a00000, 0x000000008c100000, 0x00000000d7380000)
  object space 105472K, 27% used [0x0000000085a00000,0x00000000876d07a8,0x000000008c100000)
 Metaspace       used 70346K, capacity 71110K, committed 71384K, reserved 1110016K
  class space    used 10048K, capacity 10211K, committed 10240K, reserved 1048576K
}

