# JRE version: Java(TM) SE Runtime Environment (8.0_101-b13) (build 1.8.0_101-b13)
# Java VM: Java HotSpot(TM) 64-Bit Server VM (25.101-b13 mixed mode windows-amd64 compressed oops)
Heap:
 PSYoungGen      total 90624K, used 74721K [0x00000000f0000000, 0x00000000f7800000, 0x0000000100000000)
  eden space 80896K, 92% used [0x00000000f0000000,0x00000000f48f8770,0x00000000f4f00000)
  from space 9728K, 0% used [0x00000000f5800000,0x00000000f5800000,0x00000000f6180000)
  to   space 9216K, 0% used [0x00000000f4f00000,0x00000000f4f00000,0x00000000f5800000)
 ParOldGen       total 84992K, used 9614K [0x00000000d0000000, 0x00000000d5300000, 0x00000000f0000000)
  object space 84992K, 11% used [0x00000000d0000000,0x00000000d0963ae0,0x00000000d5300000)
 Metaspace       used 38496K, capacity 38828K, committed 39040K, reserved 1081344K
  class space    used 7171K, capacity 7246K, committed 7296K, reserved 1048576K
GC Heap History (10 events):
Event: 5.027 GC heap before
{Heap before GC invocations=4 (full 1):
 PSYoungGen      total 36864K, used 5115K [0x00000000f0000000, 0x00000000f4800000, 0x0000000100000000)
  eden space 31744K, 0% used [0x00000000f0000000,0x00000000f0000000,0x00000000f1f00000)
  from space 5120K, 99% used [0x00000000f1f00000,0x00000000f23fee30,0x00000000f2400000)
  to   space 5120K, 0% used [0x00000000f4300000,0x00000000f4300000,0x00000000f4800000)
 ParOldGen       total 84992K, used 4804K [0x00000000d0000000, 0x00000000d5300000, 0x00000000f0000000)
  object space 84992K, 5% used [0x00000000d0000000,0x00000000d04b11a8,0x00000000d5300000)
 Metaspace       used 20878K, capacity 21178K, committed 21296K, reserved 1067008K
  class space    used 3623K, capacity 3690K, committed 3712K, reserved 1048576K
Event: 5.067 GC heap after
Heap after GC invocations=4 (full 1):
 PSYoungGen      total 36864K, used 0K [0x00000000f0000000, 0x00000000f4800000, 0x0000000100000000)
  eden space 31744K, 0% used [0x00000000f0000000,0x00000000f0000000,0x00000000f1f00000)
  from space 5120K, 0% used [0x00000000f1f00000,0x00000000f1f00000,0x00000000f2400000)
  to   space 5120K, 0% used [0x00000000f4300000,0x00000000f4300000,0x00000000f4800000)
 ParOldGen       total 55296K, used 7117K [0x00000000d0000000, 0x00000000d3600000, 0x00000000f0000000)
  object space 55296K, 12% used [0x00000000d0000000,0x00000000d06f3750,0x00000000d3600000)
 Metaspace       used 20878K, capacity 21178K, committed 21296K, reserved 1067008K
  class space    used 3623K, capacity 3690K, committed 3712K, reserved 1048576K
}
Event: 5.922 GC heap before
{Heap before GC invocations=5 (full 1):
 PSYoungGen      total 36864K, used 31744K [0x00000000f0000000, 0x00000000f4800000, 0x0000000100000000)
  eden space 31744K, 100% used [0x00000000f0000000,0x00000000f1f00000,0x00000000f1f00000)
  from space 5120K, 0% used [0x00000000f1f00000,0x00000000f1f00000,0x00000000f2400000)
  to   space 5120K, 0% used [0x00000000f4300000,0x00000000f4300000,0x00000000f4800000)
 ParOldGen       total 55296K, used 7117K [0x00000000d0000000, 0x00000000d3600000, 0x00000000f0000000)
  object space 55296K, 12% used [0x00000000d0000000,0x00000000d06f3750,0x00000000d3600000)
 Metaspace       used 24379K, capacity 24742K, committed 24960K, reserved 1069056K
  class space    used 4300K, capacity 4364K, committed 4480K, reserved 1048576K
Event: 5.931 GC heap after
Heap after GC invocations=5 (full 1):
 PSYoungGen      total 55296K, used 5017K [0x00000000f0000000, 0x00000000f4800000, 0x0000000100000000)
  eden space 50176K, 0% used [0x00000000f0000000,0x00000000f0000000,0x00000000f3100000)
  from space 5120K, 97% used [0x00000000f4300000,0x00000000f47e65f8,0x00000000f4800000)
  to   space 5120K, 0% used [0x00000000f3e00000,0x00000000f3e00000,0x00000000f4300000)
 ParOldGen       total 55296K, used 7117K [0x00000000d0000000, 0x00000000d3600000, 0x00000000f0000000)
  object space 55296K, 12% used [0x00000000d0000000,0x00000000d06f3750,0x00000000d3600000)
 Metaspace       used 24379K, capacity 24742K, committed 24960K, reserved 1069056K
  class space    used 4300K, capacity 4364K, committed 4480K, reserved 1048576K
}
Event: 7.752 GC heap before
{Heap before GC invocations=6 (full 1):
 PSYoungGen      total 55296K, used 55193K [0x00000000f0000000, 0x00000000f4800000, 0x0000000100000000)
  eden space 50176K, 100% used [0x00000000f0000000,0x00000000f3100000,0x00000000f3100000)
  from space 5120K, 97% used [0x00000000f4300000,0x00000000f47e65f8,0x00000000f4800000)
  to   space 5120K, 0% used [0x00000000f3e00000,0x00000000f3e00000,0x00000000f4300000)
 ParOldGen       total 55296K, used 7117K [0x00000000d0000000, 0x00000000d3600000, 0x00000000f0000000)
  object space 55296K, 12% used [0x00000000d0000000,0x00000000d06f3750,0x00000000d3600000)
 Metaspace       used 32729K, capacity 33036K, committed 33152K, reserved 1077248K
  class space    used 5651K, capacity 5742K, committed 5760K, reserved 1048576K
Event: 7.781 GC heap after
Heap after GC invocations=6 (full 1):
 PSYoungGen      total 68608K, used 5089K [0x00000000f0000000, 0x00000000f6180000, 0x0000000100000000)
  eden space 63488K, 0% used [0x00000000f0000000,0x00000000f0000000,0x00000000f3e00000)
  from space 5120K, 99% used [0x00000000f3e00000,0x00000000f42f85f8,0x00000000f4300000)
  to   space 9728K, 0% used [0x00000000f5800000,0x00000000f5800000,0x00000000f6180000)
 ParOldGen       total 55296K, used 11129K [0x00000000d0000000, 0x00000000d3600000, 0x00000000f0000000)
  object space 55296K, 20% used [0x00000000d0000000,0x00000000d0ade6a8,0x00000000d3600000)
 Metaspace       used 32729K, capacity 33036K, committed 33152K, reserved 1077248K
  class space    used 5651K, capacity 5742K, committed 5760K, reserved 1048576K
}
Event: 8.319 GC heap before
{Heap before GC invocations=7 (full 1):
 PSYoungGen      total 68608K, used 28937K [0x00000000f0000000, 0x00000000f6180000, 0x0000000100000000)
  eden space 63488K, 37% used [0x00000000f0000000,0x00000000f174a1a8,0x00000000f3e00000)
  from space 5120K, 99% used [0x00000000f3e00000,0x00000000f42f85f8,0x00000000f4300000)
  to   space 9728K, 0% used [0x00000000f5800000,0x00000000f5800000,0x00000000f6180000)
 ParOldGen       total 55296K, used 11129K [0x00000000d0000000, 0x00000000d3600000, 0x00000000f0000000)
  object space 55296K, 20% used [0x00000000d0000000,0x00000000d0ade6a8,0x00000000d3600000)
 Metaspace       used 34873K, capacity 35244K, committed 35456K, reserved 1079296K
  class space    used 6298K, capacity 6414K, committed 6528K, reserved 1048576K
Event: 8.330 GC heap after
Heap after GC invocations=7 (full 1):
 PSYoungGen      total 90624K, used 6446K [0x00000000f0000000, 0x00000000f7800000, 0x0000000100000000)
  eden space 80896K, 0% used [0x00000000f0000000,0x00000000f0000000,0x00000000f4f00000)
  from space 9728K, 66% used [0x00000000f5800000,0x00000000f5e4bb60,0x00000000f6180000)
  to   space 9216K, 0% used [0x00000000f4f00000,0x00000000f4f00000,0x00000000f5800000)
 ParOldGen       total 55296K, used 11137K [0x00000000d0000000, 0x00000000d3600000, 0x00000000f0000000)
  object space 55296K, 20% used [0x00000000d0000000,0x00000000d0ae06a8,0x00000000d3600000)
 Metaspace       used 34873K, capacity 35244K, committed 35456K, reserved 1079296K
  class space    used 6298K, capacity 6414K, committed 6528K, reserved 1048576K
}
Event: 8.330 GC heap before
{Heap before GC invocations=8 (full 2):
 PSYoungGen      total 90624K, used 6446K [0x00000000f0000000, 0x00000000f7800000, 0x0000000100000000)
  eden space 80896K, 0% used [0x00000000f0000000,0x00000000f0000000,0x00000000f4f00000)
  from space 9728K, 66% used [0x00000000f5800000,0x00000000f5e4bb60,0x00000000f6180000)
  to   space 9216K, 0% used [0x00000000f4f00000,0x00000000f4f00000,0x00000000f5800000)
 ParOldGen       total 55296K, used 11137K [0x00000000d0000000, 0x00000000d3600000, 0x00000000f0000000)
  object space 55296K, 20% used [0x00000000d0000000,0x00000000d0ae06a8,0x00000000d3600000)
 Metaspace       used 34873K, capacity 35244K, committed 35456K, reserved 1079296K
  class space    used 6298K, capacity 6414K, committed 6528K, reserved 1048576K
Event: 8.423 GC heap after
Heap after GC invocations=8 (full 2):
 PSYoungGen      total 90624K, used 0K [0x00000000f0000000, 0x00000000f7800000, 0x0000000100000000)
  eden space 80896K, 0% used [0x00000000f0000000,0x00000000f0000000,0x00000000f4f00000)
  from space 9728K, 0% used [0x00000000f5800000,0x00000000f5800000,0x00000000f6180000)
  to   space 9216K, 0% used [0x00000000f4f00000,0x00000000f4f00000,0x00000000f5800000)
 ParOldGen       total 84992K, used 9614K [0x00000000d0000000, 0x00000000d5300000, 0x00000000f0000000)
  object space 84992K, 11% used [0x00000000d0000000,0x00000000d0963ae0,0x00000000d5300000)
 Metaspace       used 34873K, capacity 35244K, committed 35456K, reserved 1079296K
  class space    used 6298K, capacity 6414K, committed 6528K, reserved 1048576K
}

